<?xml version="1.0" encoding="UTF-8"?>
<!-- Generated by org.testng.reporters.JUnitXMLReporter -->
<testsuite ignored="0" hostname="NOI-PG02ZDTF" failures="0" tests="3" name="Default test" time="31.416" errors="0" timestamp="2024-09-30T08:06:54 IST">
  <testcase classname="SeleniumPackage1.Seleniumproject1.SearchWithFilters" name="searchFilters" time="8.92">
    <skipped/>
  </testcase> <!-- searchFilters -->
  <testcase classname="SeleniumPackage1.Seleniumproject1.SearchWithFilters" name="searchFilters" time="1.313">
    <skipped/>
  </testcase> <!-- searchFilters -->
  <testcase classname="SeleniumPackage1.Seleniumproject1.SearchWithFilters" name="searchFilters" time="11.49"/>
</testsuite> <!-- Default test -->
