<?xml version="1.0" encoding="UTF-8"?>
<!-- Generated by org.testng.reporters.JUnitXMLReporter -->
<testsuite ignored="0" hostname="NOI-PG02ZDTF" failures="0" tests="8" name="Test" time="115.084" errors="0" timestamp="2024-10-03T17:44:18 IST">
  <testcase classname="SeleniumPackage1.Seleniumproject1.Resgistartion_to_Amazon" name="creating_new_account" time="5.712"/>
  <testcase classname="SeleniumPackage1.Seleniumproject1.Login_to_Amazon" name="loginAmz" time="3.604"/>
  <testcase classname="SeleniumPackage1.Seleniumproject1.InvalidCredsofLogin" name="unsuccesfulLogin" time="3.433"/>
  <testcase classname="SeleniumPackage1.Seleniumproject1.SearchWithFilters" name="searchFilters" time="12.556"/>
  <testcase classname="SeleniumPackage1.Seleniumproject1.SearchProduct" name="searchPRo" time="4.6"/>
  <testcase classname="SeleniumPackage1.Seleniumproject1.ProductDetails" name="verifyProdDetails" time="7.709"/>
  <testcase classname="SeleniumPackage1.Seleniumproject1.ProductSorting" name="sortProd" time="4.652"/>
  <testcase classname="SeleniumPackage1.Seleniumproject1.AddToCart" name="addItems" time="6.998"/>
</testsuite> <!-- Test -->
