<?xml version="1.0" encoding="UTF-8"?>
<!-- Generated by org.testng.reporters.JUnitXMLReporter -->
<testsuite ignored="0" hostname="NOI-PG02ZDTF" failures="0" tests="10" name="Test" time="98.962" errors="0" timestamp="2024-10-07T06:50:52 IST">
  <testcase classname="SeleniumPackage1.Seleniumproject1.Resgistartion_to_Amazon" name="creating_new_account" time="3.536"/>
  <testcase classname="SeleniumPackage1.Seleniumproject1.Login_to_Amazon" name="loginAmz" time="4.095"/>
  <testcase classname="SeleniumPackage1.Seleniumproject1.InvalidCredsofLogin" name="unsuccesfulLogin" time="3.363"/>
  <testcase classname="SeleniumPackage1.Seleniumproject1.SearchWithFilters" name="searchFilters" time="5.658"/>
  <testcase classname="SeleniumPackage1.Seleniumproject1.SearchProduct" name="searchPRo" time="2.719"/>
  <testcase classname="SeleniumPackage1.Seleniumproject1.ProductDetails" name="verifyProdDetails" time="5.128"/>
  <testcase classname="SeleniumPackage1.Seleniumproject1.ProductSorting" name="sortProd" time="3.831"/>
  <testcase classname="SeleniumPackage1.Seleniumproject1.AddToCart" name="addItems" time="4.606"/>
  <testcase classname="SeleniumPackage1.Seleniumproject1.UpdateCartItems" name="updateItem" time="7.366"/>
  <testcase classname="SeleniumPackage1.Seleniumproject1.EntireCheckout" name="checkOutPRod" time="27.023"/>
</testsuite> <!-- Test -->
