<?xml version="1.0" encoding="UTF-8"?>
<!-- Generated by org.testng.reporters.JUnitXMLReporter -->
<testsuite ignored="0" hostname="NOI-PG02ZDTF" failures="0" tests="8" name="Test" time="54.716" errors="0" timestamp="2024-10-03T23:41:50 IST">
  <testcase classname="SeleniumPackage1.Seleniumproject1.Resgistartion_to_Amazon" name="creating_new_account" time="2.704"/>
  <testcase classname="SeleniumPackage1.Seleniumproject1.Login_to_Amazon" name="loginAmz" time="4.1"/>
  <testcase classname="SeleniumPackage1.Seleniumproject1.InvalidCredsofLogin" name="unsuccesfulLogin" time="3.118"/>
  <testcase classname="SeleniumPackage1.Seleniumproject1.SearchWithFilters" name="searchFilters" time="5.496"/>
  <testcase classname="SeleniumPackage1.Seleniumproject1.SearchProduct" name="searchPRo" time="3.119"/>
  <testcase classname="SeleniumPackage1.Seleniumproject1.ProductDetails" name="verifyProdDetails" time="5.16"/>
  <testcase classname="SeleniumPackage1.Seleniumproject1.ProductSorting" name="sortProd" time="4.074"/>
  <testcase classname="SeleniumPackage1.Seleniumproject1.AddToCart" name="addItems" time="4.296"/>
</testsuite> <!-- Test -->
