<?xml version="1.0" encoding="UTF-8"?>
<testsuite xmlns:xsi="http://www.w3.org/2001/XMLSchema-instance" xsi:noNamespaceSchemaLocation="https://maven.apache.org/surefire/maven-surefire-plugin/xsd/surefire-test-report-3.0.xsd" version="3.0" name="TestSuite" time="69.725" tests="8" errors="0" skipped="2" failures="0">
  <properties>
[...]
</properties>
  <testcase name="creating_new_account[Rohit, 9873733905, Rj@003037](1)" classname="SeleniumPackage1.Seleniumproject1.Resgistartion_to_Amazon" time="3.432">
    <system-err><![CDATA[SLF4J: Failed to load class "org.slf4j.impl.StaticLoggerBinder".
SLF4J: Defaulting to no-operation (NOP) logger implementation
SLF4J: See http://www.slf4j.org/codes.html#StaticLoggerBinder for further details.
ERROR StatusLogger Log4j2 could not find a logging implementation. Please add log4j-core to the classpath. Using SimpleLogger to log to the console...
]]></system-err>
  </testcase>
  <testcase name="loginAmz[9873733935, Rj@003037](1)" classname="SeleniumPackage1.Seleniumproject1.Login_to_Amazon" time="4.088"/>
  <testcase name="unsuccesfulLogin[9873733936, 123Rj@42323](1)" classname="SeleniumPackage1.Seleniumproject1.InvalidCredsofLogin" time="3.271"/>
  <testcase name="searchFilters[shoes](1)" classname="SeleniumPackage1.Seleniumproject1.SearchWithFilters" time="0">
    <skipped message="Cannot invoke &quot;org.openqa.selenium.WebDriver.getClass()&quot; because &quot;exceptionDriver&quot; is null"/>
  </testcase>
  <testcase name="searchFilters[shoes](2)" classname="SeleniumPackage1.Seleniumproject1.SearchWithFilters" time="0">
    <skipped message="element not interactable: element has zero size&#10;  (Session info: chrome=129.0.6668.60)&#10;Build info: version: &apos;4.25.0&apos;, revision: &apos;8a8aea2337&apos;&#10;System info: os.name: &apos;Windows 11&apos;, os.arch: &apos;amd64&apos;, os.version: &apos;10.0&apos;, java.version: &apos;22.0.1&apos;&#10;Driver info: org.openqa.selenium.chrome.ChromeDriver&#10;Command: [0745fe9fa7e7e979c7b4ce9cb200e361, clickElement {id=f.FAC88BD1D39F2699142609E3B8DA888C.d.A3983B53D90C1AEF1FE668257ED98275.e.269}]&#10;Capabilities {acceptInsecureCerts: false, browserName: chrome, browserVersion: 129.0.6668.60, chrome: {chromedriverVersion: 129.0.6668.89 (951c0b97221f..., userDataDir: C:\Users\ROHIT~1.JOS\AppDat...}, fedcm:accounts: true, goog:chromeOptions: {debuggerAddress: localhost:54964}, networkConnectionEnabled: false, pageLoadStrategy: normal, platformName: windows, proxy: Proxy(), se:cdp: ws://localhost:54964/devtoo..., se:cdpVersion: 129.0.6668.60, setWindowRect: true, strictFileInteractability: false, timeouts: {implicit: 0, pageLoad: 300000, script: 30000}, unhandledPromptBehavior: dismiss and notify, webauthn:extension:credBlob: true, webauthn:extension:largeBlob: true, webauthn:extension:minPinLength: true, webauthn:extension:prf: true, webauthn:virtualAuthenticators: true}&#10;Element: [[ChromeDriver: chrome on windows (0745fe9fa7e7e979c7b4ce9cb200e361)] -&gt; xpath: (//a[@class=&apos;a-link-normal s-navigation-item&apos;])[15]]&#10;Session ID: 0745fe9fa7e7e979c7b4ce9cb200e361"/>
  </testcase>
  <testcase name="searchFilters[shoes](3)" classname="SeleniumPackage1.Seleniumproject1.SearchWithFilters" time="6.514"/>
  <testcase name="searchPRo[shoes](1)" classname="SeleniumPackage1.Seleniumproject1.SearchProduct" time="2.781"/>
  <testcase name="verifyProdDetails[iphone 15 pro](1)" classname="SeleniumPackage1.Seleniumproject1.ProductDetails" time="5.201"/>
</testsuite>