<?xml version="1.0" encoding="UTF-8"?>
<testng-results retried="2" ignored="2" total="10" passed="6" failed="0" skipped="0">
  <reporter-output>
    <line>
      <![CDATA[TestCase is passed]]>
    </line>
    <line>
      <![CDATA[TestCase is passed]]>
    </line>
    <line>
      <![CDATA[TestCase is passed]]>
    </line>
    <line>
      <![CDATA[TestCase is passed]]>
    </line>
    <line>
      <![CDATA[TestCase is passed]]>
    </line>
    <line>
      <![CDATA[TestCase is passed]]>
    </line>
  </reporter-output>
  <suite started-at="2024-10-03T13:03:01 IST" name="Suite" finished-at="2024-10-03T13:05:19 IST" duration-ms="138067">
    <groups>
    </groups>
    <test started-at="2024-10-03T13:03:01 IST" name="Test" finished-at="2024-10-03T13:05:19 IST" duration-ms="138067">
      <class name="SeleniumPackage1.Seleniumproject1.ProductDetails">
        <test-method is-config="true" signature="launchAmazon()[pri:0, instance:SeleniumPackage1.Seleniumproject1.ProductDetails@5e2c3d18]" started-at="2024-10-03T13:05:05 IST" name="launchAmazon" finished-at="2024-10-03T13:05:10 IST" duration-ms="4627" status="PASS">
          <reporter-output>
          </reporter-output>
        </test-method> <!-- launchAmazon -->
        <test-method signature="verifyProdDetails(java.lang.String)[pri:0, instance:SeleniumPackage1.Seleniumproject1.ProductDetails@5e2c3d18]" started-at="2024-10-03T13:05:10 IST" name="verifyProdDetails" data-provider="inputs" finished-at="2024-10-03T13:05:19 IST" duration-ms="8707" status="PASS">
          <params>
            <param index="0">
              <value>
                <![CDATA[iphone 15 pro]]>
              </value>
            </param>
          </params>
          <reporter-output>
            <line>
              <![CDATA[TestCase is passed]]>
            </line>
          </reporter-output>
        </test-method> <!-- verifyProdDetails -->
        <test-method is-config="true" signature="tearDown()[pri:0, instance:SeleniumPackage1.Seleniumproject1.ProductDetails@5e2c3d18]" started-at="2024-10-03T13:05:19 IST" name="tearDown" finished-at="2024-10-03T13:05:19 IST" duration-ms="296" status="PASS">
          <reporter-output>
          </reporter-output>
        </test-method> <!-- tearDown -->
      </class> <!-- SeleniumPackage1.Seleniumproject1.ProductDetails -->
      <class name="SeleniumPackage1.Seleniumproject1.SearchProduct">
        <test-method is-config="true" signature="launchAmazon()[pri:0, instance:SeleniumPackage1.Seleniumproject1.SearchProduct@7a35b0f5]" started-at="2024-10-03T13:04:54 IST" name="launchAmazon" finished-at="2024-10-03T13:04:58 IST" duration-ms="4241" status="PASS">
          <reporter-output>
          </reporter-output>
        </test-method> <!-- launchAmazon -->
        <test-method signature="searchPRo(java.lang.String)[pri:0, instance:SeleniumPackage1.Seleniumproject1.SearchProduct@7a35b0f5]" started-at="2024-10-03T13:04:58 IST" name="searchPRo" data-provider="inputs" finished-at="2024-10-03T13:05:05 IST" duration-ms="6252" status="PASS">
          <params>
            <param index="0">
              <value>
                <![CDATA[shoes]]>
              </value>
            </param>
          </params>
          <reporter-output>
            <line>
              <![CDATA[TestCase is passed]]>
            </line>
          </reporter-output>
        </test-method> <!-- searchPRo -->
        <test-method is-config="true" signature="tearDown()[pri:0, instance:SeleniumPackage1.Seleniumproject1.SearchProduct@7a35b0f5]" started-at="2024-10-03T13:05:05 IST" name="tearDown" finished-at="2024-10-03T13:05:05 IST" duration-ms="318" status="PASS">
          <reporter-output>
          </reporter-output>
        </test-method> <!-- tearDown -->
      </class> <!-- SeleniumPackage1.Seleniumproject1.SearchProduct -->
      <class name="SeleniumPackage1.Seleniumproject1.Resgistartion_to_Amazon">
        <test-method is-config="true" signature="launchAmazon()[pri:0, instance:SeleniumPackage1.Seleniumproject1.Resgistartion_to_Amazon@4b741d6d]" started-at="2024-10-03T13:03:02 IST" name="launchAmazon" finished-at="2024-10-03T13:03:07 IST" duration-ms="4734" status="PASS">
          <reporter-output>
          </reporter-output>
        </test-method> <!-- launchAmazon -->
        <test-method retried="true" signature="creating_new_account(java.lang.String,java.lang.String,java.lang.String)[pri:0, instance:SeleniumPackage1.Seleniumproject1.Resgistartion_to_Amazon@4b741d6d]" started-at="2024-10-03T13:03:07 IST" name="creating_new_account" data-provider="inputs" finished-at="2024-10-03T13:03:11 IST" duration-ms="4424" status="SKIP">
          <params>
            <param index="0">
              <value>
                <![CDATA[Rohit]]>
              </value>
            </param>
            <param index="1">
              <value>
                <![CDATA[9873733905]]>
              </value>
            </param>
            <param index="2">
              <value>
                <![CDATA[Rj@003037]]>
              </value>
            </param>
          </params>
          <exception class="java.lang.AssertionError">
            <message>
              <![CDATA[expected [Authentication required] but found [Amazon Registration]]]>
            </message>
            <full-stacktrace>
              <![CDATA[java.lang.AssertionError: expected [Authentication required] but found [Amazon Registration]
at org.testng.Assert.fail(Assert.java:111)
at org.testng.Assert.failNotEquals(Assert.java:1578)
at org.testng.Assert.assertEqualsImpl(Assert.java:150)
at org.testng.Assert.assertEquals(Assert.java:132)
at org.testng.Assert.assertEquals(Assert.java:656)
at org.testng.Assert.assertEquals(Assert.java:666)
at SeleniumPackage1.Seleniumproject1.Resgistartion_to_Amazon.creating_new_account(Resgistartion_to_Amazon.java:33)
at java.base/jdk.internal.reflect.DirectMethodHandleAccessor.invoke(DirectMethodHandleAccessor.java:103)
at java.base/java.lang.reflect.Method.invoke(Method.java:580)
at org.testng.internal.invokers.MethodInvocationHelper.invokeMethod(MethodInvocationHelper.java:141)
at org.testng.internal.invokers.TestInvoker.invokeMethod(TestInvoker.java:686)
at org.testng.internal.invokers.TestInvoker.invokeTestMethod(TestInvoker.java:230)
at org.testng.internal.invokers.MethodRunner.runInSequence(MethodRunner.java:63)
at org.testng.internal.invokers.TestInvoker$MethodInvocationAgent.invoke(TestInvoker.java:992)
at org.testng.internal.invokers.TestInvoker.invokeTestMethods(TestInvoker.java:203)
at org.testng.internal.invokers.TestMethodWorker.invokeTestMethods(TestMethodWorker.java:154)
at org.testng.internal.invokers.TestMethodWorker.run(TestMethodWorker.java:134)
at java.base/java.util.ArrayList.forEach(ArrayList.java:1597)
at org.testng.TestRunner.privateRun(TestRunner.java:739)
at org.testng.TestRunner.run(TestRunner.java:614)
at org.testng.SuiteRunner.runTest(SuiteRunner.java:421)
at org.testng.SuiteRunner.runSequentially(SuiteRunner.java:413)
at org.testng.SuiteRunner.privateRun(SuiteRunner.java:373)
at org.testng.SuiteRunner.run(SuiteRunner.java:312)
at org.testng.SuiteRunnerWorker.runSuite(SuiteRunnerWorker.java:52)
at org.testng.SuiteRunnerWorker.run(SuiteRunnerWorker.java:95)
at org.testng.TestNG.runSuitesSequentially(TestNG.java:1274)
at org.testng.TestNG.runSuitesLocally(TestNG.java:1208)
at org.testng.TestNG.runSuites(TestNG.java:1112)
at org.testng.TestNG.run(TestNG.java:1079)
at org.apache.maven.surefire.testng.TestNGExecutor.run(TestNGExecutor.java:324)
at org.apache.maven.surefire.testng.TestNGXmlTestSuite.execute(TestNGXmlTestSuite.java:74)
at org.apache.maven.surefire.testng.TestNGProvider.invoke(TestNGProvider.java:123)
at org.apache.maven.surefire.booter.ForkedBooter.runSuitesInProcess(ForkedBooter.java:456)
at org.apache.maven.surefire.booter.ForkedBooter.execute(ForkedBooter.java:169)
at org.apache.maven.surefire.booter.ForkedBooter.run(ForkedBooter.java:595)
at org.apache.maven.surefire.booter.ForkedBooter.main(ForkedBooter.java:581)
]]>
            </full-stacktrace>
          </exception> <!-- java.lang.AssertionError -->
          <reporter-output>
          </reporter-output>
        </test-method> <!-- creating_new_account -->
        <test-method is-config="true" signature="tearDown()[pri:0, instance:SeleniumPackage1.Seleniumproject1.Resgistartion_to_Amazon@4b741d6d]" started-at="2024-10-03T13:03:11 IST" name="tearDown" finished-at="2024-10-03T13:03:11 IST" duration-ms="265" status="PASS">
          <reporter-output>
          </reporter-output>
        </test-method> <!-- tearDown -->
        <test-method is-config="true" signature="launchAmazon()[pri:0, instance:SeleniumPackage1.Seleniumproject1.Resgistartion_to_Amazon@4b741d6d]" started-at="2024-10-03T13:03:11 IST" name="launchAmazon" finished-at="2024-10-03T13:03:27 IST" duration-ms="15474" status="PASS">
          <reporter-output>
          </reporter-output>
        </test-method> <!-- launchAmazon -->
        <test-method signature="creating_new_account(java.lang.String,java.lang.String,java.lang.String)[pri:0, instance:SeleniumPackage1.Seleniumproject1.Resgistartion_to_Amazon@4b741d6d]" started-at="2024-10-03T13:03:27 IST" name="creating_new_account" data-provider="inputs" finished-at="2024-10-03T13:03:36 IST" duration-ms="8746" status="PASS">
          <params>
            <param index="0">
              <value>
                <![CDATA[Rohit]]>
              </value>
            </param>
            <param index="1">
              <value>
                <![CDATA[9873733905]]>
              </value>
            </param>
            <param index="2">
              <value>
                <![CDATA[Rj@003037]]>
              </value>
            </param>
          </params>
          <reporter-output>
            <line>
              <![CDATA[TestCase is passed]]>
            </line>
          </reporter-output>
        </test-method> <!-- creating_new_account -->
        <test-method is-config="true" signature="tearDown()[pri:0, instance:SeleniumPackage1.Seleniumproject1.Resgistartion_to_Amazon@4b741d6d]" started-at="2024-10-03T13:03:36 IST" name="tearDown" finished-at="2024-10-03T13:03:36 IST" duration-ms="313" status="PASS">
          <reporter-output>
          </reporter-output>
        </test-method> <!-- tearDown -->
      </class> <!-- SeleniumPackage1.Seleniumproject1.Resgistartion_to_Amazon -->
      <class name="SeleniumPackage1.Seleniumproject1.Login_to_Amazon">
        <test-method is-config="true" signature="launchAmazon()[pri:0, instance:SeleniumPackage1.Seleniumproject1.Login_to_Amazon@8458f04]" started-at="2024-10-03T13:03:36 IST" name="launchAmazon" finished-at="2024-10-03T13:03:40 IST" duration-ms="3993" status="PASS">
          <reporter-output>
          </reporter-output>
        </test-method> <!-- launchAmazon -->
        <test-method signature="loginAmz(java.lang.String,java.lang.String)[pri:0, instance:SeleniumPackage1.Seleniumproject1.Login_to_Amazon@8458f04]" started-at="2024-10-03T13:03:40 IST" name="loginAmz" data-provider="inputs" finished-at="2024-10-03T13:03:46 IST" duration-ms="6215" status="PASS">
          <params>
            <param index="0">
              <value>
                <![CDATA[9873733935]]>
              </value>
            </param>
            <param index="1">
              <value>
                <![CDATA[Rj@003037]]>
              </value>
            </param>
          </params>
          <reporter-output>
            <line>
              <![CDATA[TestCase is passed]]>
            </line>
          </reporter-output>
        </test-method> <!-- loginAmz -->
        <test-method is-config="true" signature="tearDown()[pri:0, instance:SeleniumPackage1.Seleniumproject1.Login_to_Amazon@8458f04]" started-at="2024-10-03T13:03:47 IST" name="tearDown" finished-at="2024-10-03T13:03:47 IST" duration-ms="308" status="PASS">
          <reporter-output>
          </reporter-output>
        </test-method> <!-- tearDown -->
      </class> <!-- SeleniumPackage1.Seleniumproject1.Login_to_Amazon -->
      <class name="SeleniumPackage1.Seleniumproject1.InvalidCredsofLogin">
        <test-method is-config="true" signature="launchAmazon()[pri:0, instance:SeleniumPackage1.Seleniumproject1.InvalidCredsofLogin@48075da3]" started-at="2024-10-03T13:03:47 IST" name="launchAmazon" finished-at="2024-10-03T13:03:55 IST" duration-ms="7388" status="PASS">
          <reporter-output>
          </reporter-output>
        </test-method> <!-- launchAmazon -->
        <test-method signature="unsuccesfulLogin(java.lang.String,java.lang.String)[pri:0, instance:SeleniumPackage1.Seleniumproject1.InvalidCredsofLogin@48075da3]" started-at="2024-10-03T13:03:55 IST" name="unsuccesfulLogin" data-provider="inputs" finished-at="2024-10-03T13:03:59 IST" duration-ms="4668" status="PASS">
          <params>
            <param index="0">
              <value>
                <![CDATA[9873733936]]>
              </value>
            </param>
            <param index="1">
              <value>
                <![CDATA[123Rj@42323]]>
              </value>
            </param>
          </params>
          <reporter-output>
            <line>
              <![CDATA[TestCase is passed]]>
            </line>
          </reporter-output>
        </test-method> <!-- unsuccesfulLogin -->
        <test-method is-config="true" signature="tearDown()[pri:0, instance:SeleniumPackage1.Seleniumproject1.InvalidCredsofLogin@48075da3]" started-at="2024-10-03T13:04:00 IST" name="tearDown" finished-at="2024-10-03T13:04:00 IST" duration-ms="208" status="PASS">
          <reporter-output>
          </reporter-output>
        </test-method> <!-- tearDown -->
      </class> <!-- SeleniumPackage1.Seleniumproject1.InvalidCredsofLogin -->
      <class name="SeleniumPackage1.Seleniumproject1.SearchWithFilters">
        <test-method is-config="true" signature="launchAmazon()[pri:0, instance:SeleniumPackage1.Seleniumproject1.SearchWithFilters@68c9133c]" started-at="2024-10-03T13:04:00 IST" name="launchAmazon" finished-at="2024-10-03T13:04:11 IST" duration-ms="11502" status="PASS">
          <reporter-output>
          </reporter-output>
        </test-method> <!-- launchAmazon -->
        <test-method retried="true" signature="searchFilters(java.lang.String)[pri:0, instance:SeleniumPackage1.Seleniumproject1.SearchWithFilters@68c9133c]" started-at="2024-10-03T13:04:11 IST" name="searchFilters" data-provider="inputs" finished-at="2024-10-03T13:04:30 IST" duration-ms="18917" status="SKIP">
          <params>
            <param index="0">
              <value>
                <![CDATA[shoes]]>
              </value>
            </param>
          </params>
          <exception class="java.lang.NullPointerException">
            <message>
              <![CDATA[Cannot invoke "org.openqa.selenium.WebDriver.getClass()" because "exceptionDriver" is null]]>
            </message>
            <full-stacktrace>
              <![CDATA[java.lang.NullPointerException: Cannot invoke "org.openqa.selenium.WebDriver.getClass()" because "exceptionDriver" is null
at org.openqa.selenium.support.ui.WebDriverWait.timeoutException(WebDriverWait.java:85)
at org.openqa.selenium.support.ui.FluentWait.until(FluentWait.java:228)
at SeleniumPackage1.Seleniumproject1.Amz_SearchResult.click_brandfilter(Amz_SearchResult.java:50)
at SeleniumPackage1.Seleniumproject1.SearchWithFilters.searchFilters(SearchWithFilters.java:17)
at java.base/jdk.internal.reflect.DirectMethodHandleAccessor.invoke(DirectMethodHandleAccessor.java:103)
at java.base/java.lang.reflect.Method.invoke(Method.java:580)
at org.testng.internal.invokers.MethodInvocationHelper.invokeMethod(MethodInvocationHelper.java:141)
at org.testng.internal.invokers.TestInvoker.invokeMethod(TestInvoker.java:686)
at org.testng.internal.invokers.TestInvoker.invokeTestMethod(TestInvoker.java:230)
at org.testng.internal.invokers.MethodRunner.runInSequence(MethodRunner.java:63)
at org.testng.internal.invokers.TestInvoker$MethodInvocationAgent.invoke(TestInvoker.java:992)
at org.testng.internal.invokers.TestInvoker.invokeTestMethods(TestInvoker.java:203)
at org.testng.internal.invokers.TestMethodWorker.invokeTestMethods(TestMethodWorker.java:154)
at org.testng.internal.invokers.TestMethodWorker.run(TestMethodWorker.java:134)
at java.base/java.util.ArrayList.forEach(ArrayList.java:1597)
at org.testng.TestRunner.privateRun(TestRunner.java:739)
at org.testng.TestRunner.run(TestRunner.java:614)
at org.testng.SuiteRunner.runTest(SuiteRunner.java:421)
at org.testng.SuiteRunner.runSequentially(SuiteRunner.java:413)
at org.testng.SuiteRunner.privateRun(SuiteRunner.java:373)
at org.testng.SuiteRunner.run(SuiteRunner.java:312)
at org.testng.SuiteRunnerWorker.runSuite(SuiteRunnerWorker.java:52)
at org.testng.SuiteRunnerWorker.run(SuiteRunnerWorker.java:95)
at org.testng.TestNG.runSuitesSequentially(TestNG.java:1274)
at org.testng.TestNG.runSuitesLocally(TestNG.java:1208)
at org.testng.TestNG.runSuites(TestNG.java:1112)
at org.testng.TestNG.run(TestNG.java:1079)
at org.apache.maven.surefire.testng.TestNGExecutor.run(TestNGExecutor.java:324)
at org.apache.maven.surefire.testng.TestNGXmlTestSuite.execute(TestNGXmlTestSuite.java:74)
at org.apache.maven.surefire.testng.TestNGProvider.invoke(TestNGProvider.java:123)
at org.apache.maven.surefire.booter.ForkedBooter.runSuitesInProcess(ForkedBooter.java:456)
at org.apache.maven.surefire.booter.ForkedBooter.execute(ForkedBooter.java:169)
at org.apache.maven.surefire.booter.ForkedBooter.run(ForkedBooter.java:595)
at org.apache.maven.surefire.booter.ForkedBooter.main(ForkedBooter.java:581)
]]>
            </full-stacktrace>
          </exception> <!-- java.lang.NullPointerException -->
          <reporter-output>
          </reporter-output>
        </test-method> <!-- searchFilters -->
        <test-method is-config="true" signature="tearDown()[pri:0, instance:SeleniumPackage1.Seleniumproject1.SearchWithFilters@68c9133c]" started-at="2024-10-03T13:04:30 IST" name="tearDown" finished-at="2024-10-03T13:04:31 IST" duration-ms="393" status="PASS">
          <reporter-output>
          </reporter-output>
        </test-method> <!-- tearDown -->
        <test-method is-config="true" signature="launchAmazon()[pri:0, instance:SeleniumPackage1.Seleniumproject1.SearchWithFilters@68c9133c]" started-at="2024-10-03T13:04:31 IST" name="launchAmazon" finished-at="2024-10-03T13:04:43 IST" duration-ms="12770" status="PASS">
          <reporter-output>
          </reporter-output>
        </test-method> <!-- launchAmazon -->
        <test-method signature="searchFilters(java.lang.String)[pri:0, instance:SeleniumPackage1.Seleniumproject1.SearchWithFilters@68c9133c]" started-at="2024-10-03T13:04:43 IST" name="searchFilters" data-provider="inputs" finished-at="2024-10-03T13:04:54 IST" duration-ms="10173" status="PASS">
          <params>
            <param index="0">
              <value>
                <![CDATA[shoes]]>
              </value>
            </param>
          </params>
          <reporter-output>
            <line>
              <![CDATA[TestCase is passed]]>
            </line>
          </reporter-output>
        </test-method> <!-- searchFilters -->
        <test-method is-config="true" signature="tearDown()[pri:0, instance:SeleniumPackage1.Seleniumproject1.SearchWithFilters@68c9133c]" started-at="2024-10-03T13:04:54 IST" name="tearDown" finished-at="2024-10-03T13:04:54 IST" duration-ms="355" status="PASS">
          <reporter-output>
          </reporter-output>
        </test-method> <!-- tearDown -->
      </class> <!-- SeleniumPackage1.Seleniumproject1.SearchWithFilters -->
    </test> <!-- Test -->
  </suite> <!-- Suite -->
</testng-results>
