<?xml version="1.0" encoding="UTF-8"?>
<testng-results ignored="0" total="8" passed="8" failed="0" skipped="0">
  <reporter-output>
    <line>
      <![CDATA[TestCase is passed]]>
    </line>
    <line>
      <![CDATA[TestCase is passed]]>
    </line>
    <line>
      <![CDATA[TestCase is passed]]>
    </line>
    <line>
      <![CDATA[TestCase is passed]]>
    </line>
    <line>
      <![CDATA[TestCase is passed]]>
    </line>
    <line>
      <![CDATA[TestCase is passed]]>
    </line>
    <line>
      <![CDATA[TestCase is passed]]>
    </line>
    <line>
      <![CDATA[TestCase is passed]]>
    </line>
  </reporter-output>
  <suite started-at="2024-10-03T23:20:31 IST" name="Suite" finished-at="2024-10-03T23:21:25 IST" duration-ms="54258">
    <groups>
    </groups>
    <test started-at="2024-10-03T23:20:31 IST" name="Test" finished-at="2024-10-03T23:21:25 IST" duration-ms="54258">
      <class name="SeleniumPackage1.Seleniumproject1.ProductSorting">
        <test-method is-config="true" signature="launchAmazon()[pri:0, instance:SeleniumPackage1.Seleniumproject1.ProductSorting@6caf0677]" started-at="2024-10-03T23:21:10 IST" name="launchAmazon" finished-at="2024-10-03T23:21:12 IST" duration-ms="2183" status="PASS">
          <reporter-output>
          </reporter-output>
        </test-method> <!-- launchAmazon -->
        <test-method signature="sortProd(java.lang.String)[pri:0, instance:SeleniumPackage1.Seleniumproject1.ProductSorting@6caf0677]" started-at="2024-10-03T23:21:12 IST" name="sortProd" data-provider="inputs" finished-at="2024-10-03T23:21:17 IST" duration-ms="4426" status="PASS">
          <params>
            <param index="0">
              <value>
                <![CDATA[iphone]]>
              </value>
            </param>
          </params>
          <reporter-output>
            <line>
              <![CDATA[TestCase is passed]]>
            </line>
          </reporter-output>
        </test-method> <!-- sortProd -->
        <test-method is-config="true" signature="tearDown()[pri:0, instance:SeleniumPackage1.Seleniumproject1.ProductSorting@6caf0677]" started-at="2024-10-03T23:21:17 IST" name="tearDown" finished-at="2024-10-03T23:21:17 IST" duration-ms="148" status="PASS">
          <reporter-output>
          </reporter-output>
        </test-method> <!-- tearDown -->
      </class> <!-- SeleniumPackage1.Seleniumproject1.ProductSorting -->
      <class name="SeleniumPackage1.Seleniumproject1.ProductDetails">
        <test-method is-config="true" signature="launchAmazon()[pri:0, instance:SeleniumPackage1.Seleniumproject1.ProductDetails@645aa696]" started-at="2024-10-03T23:21:03 IST" name="launchAmazon" finished-at="2024-10-03T23:21:05 IST" duration-ms="2219" status="PASS">
          <reporter-output>
          </reporter-output>
        </test-method> <!-- launchAmazon -->
        <test-method signature="verifyProdDetails(java.lang.String)[pri:0, instance:SeleniumPackage1.Seleniumproject1.ProductDetails@645aa696]" started-at="2024-10-03T23:21:05 IST" name="verifyProdDetails" data-provider="inputs" finished-at="2024-10-03T23:21:10 IST" duration-ms="5037" status="PASS">
          <params>
            <param index="0">
              <value>
                <![CDATA[iphone 15 pro]]>
              </value>
            </param>
          </params>
          <reporter-output>
            <line>
              <![CDATA[TestCase is passed]]>
            </line>
          </reporter-output>
        </test-method> <!-- verifyProdDetails -->
        <test-method is-config="true" signature="tearDown()[pri:0, instance:SeleniumPackage1.Seleniumproject1.ProductDetails@645aa696]" started-at="2024-10-03T23:21:10 IST" name="tearDown" finished-at="2024-10-03T23:21:10 IST" duration-ms="158" status="PASS">
          <reporter-output>
          </reporter-output>
        </test-method> <!-- tearDown -->
      </class> <!-- SeleniumPackage1.Seleniumproject1.ProductDetails -->
      <class name="SeleniumPackage1.Seleniumproject1.SearchProduct">
        <test-method is-config="true" signature="launchAmazon()[pri:0, instance:SeleniumPackage1.Seleniumproject1.SearchProduct@5b218417]" started-at="2024-10-03T23:20:58 IST" name="launchAmazon" finished-at="2024-10-03T23:21:00 IST" duration-ms="2250" status="PASS">
          <reporter-output>
          </reporter-output>
        </test-method> <!-- launchAmazon -->
        <test-method signature="searchPRo(java.lang.String)[pri:0, instance:SeleniumPackage1.Seleniumproject1.SearchProduct@5b218417]" started-at="2024-10-03T23:21:00 IST" name="searchPRo" data-provider="inputs" finished-at="2024-10-03T23:21:02 IST" duration-ms="2335" status="PASS">
          <params>
            <param index="0">
              <value>
                <![CDATA[shoes]]>
              </value>
            </param>
          </params>
          <reporter-output>
            <line>
              <![CDATA[TestCase is passed]]>
            </line>
          </reporter-output>
        </test-method> <!-- searchPRo -->
        <test-method is-config="true" signature="tearDown()[pri:0, instance:SeleniumPackage1.Seleniumproject1.SearchProduct@5b218417]" started-at="2024-10-03T23:21:02 IST" name="tearDown" finished-at="2024-10-03T23:21:03 IST" duration-ms="193" status="PASS">
          <reporter-output>
          </reporter-output>
        </test-method> <!-- tearDown -->
      </class> <!-- SeleniumPackage1.Seleniumproject1.SearchProduct -->
      <class name="SeleniumPackage1.Seleniumproject1.Resgistartion_to_Amazon">
        <test-method is-config="true" signature="launchAmazon()[pri:0, instance:SeleniumPackage1.Seleniumproject1.Resgistartion_to_Amazon@2cf3d63b]" started-at="2024-10-03T23:20:31 IST" name="launchAmazon" finished-at="2024-10-03T23:20:34 IST" duration-ms="2987" status="PASS">
          <reporter-output>
          </reporter-output>
        </test-method> <!-- launchAmazon -->
        <test-method signature="creating_new_account(java.lang.String,java.lang.String,java.lang.String)[pri:0, instance:SeleniumPackage1.Seleniumproject1.Resgistartion_to_Amazon@2cf3d63b]" started-at="2024-10-03T23:20:34 IST" name="creating_new_account" data-provider="inputs" finished-at="2024-10-03T23:20:37 IST" duration-ms="2682" status="PASS">
          <params>
            <param index="0">
              <value>
                <![CDATA[Rohit]]>
              </value>
            </param>
            <param index="1">
              <value>
                <![CDATA[9873733905]]>
              </value>
            </param>
            <param index="2">
              <value>
                <![CDATA[Rj@003037]]>
              </value>
            </param>
          </params>
          <reporter-output>
            <line>
              <![CDATA[TestCase is passed]]>
            </line>
          </reporter-output>
        </test-method> <!-- creating_new_account -->
        <test-method is-config="true" signature="tearDown()[pri:0, instance:SeleniumPackage1.Seleniumproject1.Resgistartion_to_Amazon@2cf3d63b]" started-at="2024-10-03T23:20:37 IST" name="tearDown" finished-at="2024-10-03T23:20:37 IST" duration-ms="151" status="PASS">
          <reporter-output>
          </reporter-output>
        </test-method> <!-- tearDown -->
      </class> <!-- SeleniumPackage1.Seleniumproject1.Resgistartion_to_Amazon -->
      <class name="SeleniumPackage1.Seleniumproject1.Login_to_Amazon">
        <test-method is-config="true" signature="launchAmazon()[pri:0, instance:SeleniumPackage1.Seleniumproject1.Login_to_Amazon@5e2c3d18]" started-at="2024-10-03T23:20:37 IST" name="launchAmazon" finished-at="2024-10-03T23:20:39 IST" duration-ms="2096" status="PASS">
          <reporter-output>
          </reporter-output>
        </test-method> <!-- launchAmazon -->
        <test-method signature="loginAmz(java.lang.String,java.lang.String)[pri:0, instance:SeleniumPackage1.Seleniumproject1.Login_to_Amazon@5e2c3d18]" started-at="2024-10-03T23:20:39 IST" name="loginAmz" data-provider="inputs" finished-at="2024-10-03T23:20:43 IST" duration-ms="4096" status="PASS">
          <params>
            <param index="0">
              <value>
                <![CDATA[9873733935]]>
              </value>
            </param>
            <param index="1">
              <value>
                <![CDATA[Rj@003037]]>
              </value>
            </param>
          </params>
          <reporter-output>
            <line>
              <![CDATA[TestCase is passed]]>
            </line>
          </reporter-output>
        </test-method> <!-- loginAmz -->
        <test-method is-config="true" signature="tearDown()[pri:0, instance:SeleniumPackage1.Seleniumproject1.Login_to_Amazon@5e2c3d18]" started-at="2024-10-03T23:20:44 IST" name="tearDown" finished-at="2024-10-03T23:20:44 IST" duration-ms="151" status="PASS">
          <reporter-output>
          </reporter-output>
        </test-method> <!-- tearDown -->
      </class> <!-- SeleniumPackage1.Seleniumproject1.Login_to_Amazon -->
      <class name="SeleniumPackage1.Seleniumproject1.InvalidCredsofLogin">
        <test-method is-config="true" signature="launchAmazon()[pri:0, instance:SeleniumPackage1.Seleniumproject1.InvalidCredsofLogin@2cb4893b]" started-at="2024-10-03T23:20:44 IST" name="launchAmazon" finished-at="2024-10-03T23:20:46 IST" duration-ms="2207" status="PASS">
          <reporter-output>
          </reporter-output>
        </test-method> <!-- launchAmazon -->
        <test-method signature="unsuccesfulLogin(java.lang.String,java.lang.String)[pri:0, instance:SeleniumPackage1.Seleniumproject1.InvalidCredsofLogin@2cb4893b]" started-at="2024-10-03T23:20:46 IST" name="unsuccesfulLogin" data-provider="inputs" finished-at="2024-10-03T23:20:49 IST" duration-ms="3270" status="PASS">
          <params>
            <param index="0">
              <value>
                <![CDATA[9873733936]]>
              </value>
            </param>
            <param index="1">
              <value>
                <![CDATA[123Rj@42323]]>
              </value>
            </param>
          </params>
          <reporter-output>
            <line>
              <![CDATA[TestCase is passed]]>
            </line>
          </reporter-output>
        </test-method> <!-- unsuccesfulLogin -->
        <test-method is-config="true" signature="tearDown()[pri:0, instance:SeleniumPackage1.Seleniumproject1.InvalidCredsofLogin@2cb4893b]" started-at="2024-10-03T23:20:49 IST" name="tearDown" finished-at="2024-10-03T23:20:50 IST" duration-ms="144" status="PASS">
          <reporter-output>
          </reporter-output>
        </test-method> <!-- tearDown -->
      </class> <!-- SeleniumPackage1.Seleniumproject1.InvalidCredsofLogin -->
      <class name="SeleniumPackage1.Seleniumproject1.AddToCart">
        <test-method is-config="true" signature="launchAmazon()[pri:0, instance:SeleniumPackage1.Seleniumproject1.AddToCart@413d1baf]" started-at="2024-10-03T23:21:17 IST" name="launchAmazon" finished-at="2024-10-03T23:21:19 IST" duration-ms="2335" status="PASS">
          <reporter-output>
          </reporter-output>
        </test-method> <!-- launchAmazon -->
        <test-method signature="addItems(java.lang.String)[pri:0, instance:SeleniumPackage1.Seleniumproject1.AddToCart@413d1baf]" started-at="2024-10-03T23:21:19 IST" name="addItems" data-provider="inputs" finished-at="2024-10-03T23:21:24 IST" duration-ms="4971" status="PASS">
          <params>
            <param index="0">
              <value>
                <![CDATA[Daikin 1.5 ton ac]]>
              </value>
            </param>
          </params>
          <reporter-output>
            <line>
              <![CDATA[TestCase is passed]]>
            </line>
          </reporter-output>
        </test-method> <!-- addItems -->
        <test-method is-config="true" signature="tearDown()[pri:0, instance:SeleniumPackage1.Seleniumproject1.AddToCart@413d1baf]" started-at="2024-10-03T23:21:25 IST" name="tearDown" finished-at="2024-10-03T23:21:25 IST" duration-ms="158" status="PASS">
          <reporter-output>
          </reporter-output>
        </test-method> <!-- tearDown -->
      </class> <!-- SeleniumPackage1.Seleniumproject1.AddToCart -->
      <class name="SeleniumPackage1.Seleniumproject1.SearchWithFilters">
        <test-method is-config="true" signature="launchAmazon()[pri:0, instance:SeleniumPackage1.Seleniumproject1.SearchWithFilters@cc43f62]" started-at="2024-10-03T23:20:50 IST" name="launchAmazon" finished-at="2024-10-03T23:20:52 IST" duration-ms="2158" status="PASS">
          <reporter-output>
          </reporter-output>
        </test-method> <!-- launchAmazon -->
        <test-method signature="searchFilters(java.lang.String)[pri:0, instance:SeleniumPackage1.Seleniumproject1.SearchWithFilters@cc43f62]" started-at="2024-10-03T23:20:52 IST" name="searchFilters" data-provider="inputs" finished-at="2024-10-03T23:20:57 IST" duration-ms="5650" status="PASS">
          <params>
            <param index="0">
              <value>
                <![CDATA[shoes]]>
              </value>
            </param>
          </params>
          <reporter-output>
            <line>
              <![CDATA[TestCase is passed]]>
            </line>
          </reporter-output>
        </test-method> <!-- searchFilters -->
        <test-method is-config="true" signature="tearDown()[pri:0, instance:SeleniumPackage1.Seleniumproject1.SearchWithFilters@cc43f62]" started-at="2024-10-03T23:20:58 IST" name="tearDown" finished-at="2024-10-03T23:20:58 IST" duration-ms="163" status="PASS">
          <reporter-output>
          </reporter-output>
        </test-method> <!-- tearDown -->
      </class> <!-- SeleniumPackage1.Seleniumproject1.SearchWithFilters -->
    </test> <!-- Test -->
  </suite> <!-- Suite -->
</testng-results>
