<?xml version="1.0" encoding="UTF-8"?>
<testsuite xmlns:xsi="http://www.w3.org/2001/XMLSchema-instance" xsi:noNamespaceSchemaLocation="https://maven.apache.org/surefire/maven-surefire-plugin/xsd/surefire-test-report-3.0.xsd" version="3.0" name="TestSuite" time="138.878" tests="8" errors="0" skipped="2" failures="0">
  <properties>
[...]
</properties>
  <testcase name="creating_new_account[Rohit, 9873733905, Rj@003037](1)" classname="SeleniumPackage1.Seleniumproject1.Resgistartion_to_Amazon" time="0">
    <skipped message="expected [Authentication required] but found [Amazon Registration]"/>
    <system-err><![CDATA[SLF4J: Failed to load class "org.slf4j.impl.StaticLoggerBinder".
SLF4J: Defaulting to no-operation (NOP) logger implementation
SLF4J: See http://www.slf4j.org/codes.html#StaticLoggerBinder for further details.
ERROR StatusLogger Log4j2 could not find a logging implementation. Please add log4j-core to the classpath. Using SimpleLogger to log to the console...
]]></system-err>
  </testcase>
  <testcase name="creating_new_account[Rohit, 9873733905, Rj@003037](2)" classname="SeleniumPackage1.Seleniumproject1.Resgistartion_to_Amazon" time="8.749"/>
  <testcase name="loginAmz[9873733935, Rj@003037](1)" classname="SeleniumPackage1.Seleniumproject1.Login_to_Amazon" time="6.214"/>
  <testcase name="unsuccesfulLogin[9873733936, 123Rj@42323](1)" classname="SeleniumPackage1.Seleniumproject1.InvalidCredsofLogin" time="4.669"/>
  <testcase name="searchFilters[shoes](1)" classname="SeleniumPackage1.Seleniumproject1.SearchWithFilters" time="0">
    <skipped message="Cannot invoke &quot;org.openqa.selenium.WebDriver.getClass()&quot; because &quot;exceptionDriver&quot; is null"/>
  </testcase>
  <testcase name="searchFilters[shoes](2)" classname="SeleniumPackage1.Seleniumproject1.SearchWithFilters" time="10.173"/>
  <testcase name="searchPRo[shoes](1)" classname="SeleniumPackage1.Seleniumproject1.SearchProduct" time="6.253"/>
  <testcase name="verifyProdDetails[iphone 15 pro](1)" classname="SeleniumPackage1.Seleniumproject1.ProductDetails" time="8.71"/>
</testsuite>