<?xml version="1.0" encoding="UTF-8"?>
<testng-results retried="1" ignored="0" total="16" passed="15" failed="0" skipped="0">
  <reporter-output>
    <line>
      <![CDATA[TestCase is passed]]>
    </line>
    <line>
      <![CDATA[TestCase is passed]]>
    </line>
    <line>
      <![CDATA[TestCase is passed]]>
    </line>
    <line>
      <![CDATA[TestCase is passed]]>
    </line>
    <line>
      <![CDATA[TestCase is passed]]>
    </line>
    <line>
      <![CDATA[TestCase is passed]]>
    </line>
    <line>
      <![CDATA[TestCase is passed]]>
    </line>
    <line>
      <![CDATA[TestCase is passed]]>
    </line>
    <line>
      <![CDATA[TestCase is passed]]>
    </line>
    <line>
      <![CDATA[TestCase is passed]]>
    </line>
    <line>
      <![CDATA[TestCase is passed]]>
    </line>
    <line>
      <![CDATA[TestCase is passed]]>
    </line>
    <line>
      <![CDATA[TestCase is passed]]>
    </line>
    <line>
      <![CDATA[TestCase is passed]]>
    </line>
    <line>
      <![CDATA[TestCase is passed]]>
    </line>
  </reporter-output>
  <suite started-at="2024-10-11T00:06:48 IST" name="Suite" finished-at="2024-10-11T00:10:51 IST" duration-ms="242589">
    <groups>
    </groups>
    <test started-at="2024-10-11T00:06:48 IST" name="Test" finished-at="2024-10-11T00:10:51 IST" duration-ms="242589">
      <class name="SeleniumPackage1.Seleniumproject1.AllPaymentMethod">
        <test-method is-config="true" signature="launchAmazon()[pri:0, instance:SeleniumPackage1.Seleniumproject1.AllPaymentMethod@3e8c3cb]" started-at="2024-10-11T00:09:32 IST" name="launchAmazon" finished-at="2024-10-11T00:09:35 IST" duration-ms="2772" status="PASS">
          <reporter-output>
          </reporter-output>
        </test-method> <!-- launchAmazon -->
        <test-method signature="selectPay(java.lang.String,java.lang.String,java.lang.String,java.lang.String,java.lang.String)[pri:0, instance:SeleniumPackage1.Seleniumproject1.AllPaymentMethod@3e8c3cb]" started-at="2024-10-11T00:09:35 IST" name="selectPay" data-provider="inputs" finished-at="2024-10-11T00:09:59 IST" duration-ms="23963" status="PASS">
          <params>
            <param index="0">
              <value>
                <![CDATA[9873733935]]>
              </value>
            </param>
            <param index="1">
              <value>
                <![CDATA[Rj@003037]]>
              </value>
            </param>
            <param index="2">
              <value>
                <![CDATA[mouse]]>
              </value>
            </param>
            <param index="3">
              <value>
                <![CDATA[122345554]]>
              </value>
            </param>
            <param index="4">
              <value>
                <![CDATA[9873733935@paytm]]>
              </value>
            </param>
          </params>
          <reporter-output>
            <line>
              <![CDATA[TestCase is passed]]>
            </line>
          </reporter-output>
        </test-method> <!-- selectPay -->
        <test-method is-config="true" signature="tearDown()[pri:0, instance:SeleniumPackage1.Seleniumproject1.AllPaymentMethod@3e8c3cb]" started-at="2024-10-11T00:09:59 IST" name="tearDown" finished-at="2024-10-11T00:09:59 IST" duration-ms="224" status="PASS">
          <reporter-output>
          </reporter-output>
        </test-method> <!-- tearDown -->
      </class> <!-- SeleniumPackage1.Seleniumproject1.AllPaymentMethod -->
      <class name="SeleniumPackage1.Seleniumproject1.TillCartWithoutLogin">
        <test-method is-config="true" signature="launchAmazon()[pri:0, instance:SeleniumPackage1.Seleniumproject1.TillCartWithoutLogin@54422e18]" started-at="2024-10-11T00:10:36 IST" name="launchAmazon" finished-at="2024-10-11T00:10:39 IST" duration-ms="2499" status="PASS">
          <reporter-output>
          </reporter-output>
        </test-method> <!-- launchAmazon -->
        <test-method signature="withoutLoginTillCart(java.lang.String)[pri:0, instance:SeleniumPackage1.Seleniumproject1.TillCartWithoutLogin@54422e18]" started-at="2024-10-11T00:10:39 IST" name="withoutLoginTillCart" data-provider="inputs" finished-at="2024-10-11T00:10:50 IST" duration-ms="11543" status="PASS">
          <params>
            <param index="0">
              <value>
                <![CDATA[mouse]]>
              </value>
            </param>
          </params>
          <reporter-output>
            <line>
              <![CDATA[TestCase is passed]]>
            </line>
          </reporter-output>
        </test-method> <!-- withoutLoginTillCart -->
        <test-method is-config="true" signature="tearDown()[pri:0, instance:SeleniumPackage1.Seleniumproject1.TillCartWithoutLogin@54422e18]" started-at="2024-10-11T00:10:51 IST" name="tearDown" finished-at="2024-10-11T00:10:51 IST" duration-ms="206" status="PASS">
          <reporter-output>
          </reporter-output>
        </test-method> <!-- tearDown -->
      </class> <!-- SeleniumPackage1.Seleniumproject1.TillCartWithoutLogin -->
      <class name="SeleniumPackage1.Seleniumproject1.ProductDetails">
        <test-method is-config="true" signature="launchAmazon()[pri:0, instance:SeleniumPackage1.Seleniumproject1.ProductDetails@27406a17]" started-at="2024-10-11T00:07:57 IST" name="launchAmazon" finished-at="2024-10-11T00:08:00 IST" duration-ms="2590" status="PASS">
          <reporter-output>
          </reporter-output>
        </test-method> <!-- launchAmazon -->
        <test-method signature="verifyProdDetails(java.lang.String)[pri:0, instance:SeleniumPackage1.Seleniumproject1.ProductDetails@27406a17]" started-at="2024-10-11T00:08:00 IST" name="verifyProdDetails" data-provider="inputs" finished-at="2024-10-11T00:08:06 IST" duration-ms="6096" status="PASS">
          <params>
            <param index="0">
              <value>
                <![CDATA[men watches casio]]>
              </value>
            </param>
          </params>
          <reporter-output>
            <line>
              <![CDATA[TestCase is passed]]>
            </line>
          </reporter-output>
        </test-method> <!-- verifyProdDetails -->
        <test-method is-config="true" signature="tearDown()[pri:0, instance:SeleniumPackage1.Seleniumproject1.ProductDetails@27406a17]" started-at="2024-10-11T00:08:06 IST" name="tearDown" finished-at="2024-10-11T00:08:07 IST" duration-ms="200" status="PASS">
          <reporter-output>
          </reporter-output>
        </test-method> <!-- tearDown -->
      </class> <!-- SeleniumPackage1.Seleniumproject1.ProductDetails -->
      <class name="SeleniumPackage1.Seleniumproject1.SearchProduct">
        <test-method is-config="true" signature="launchAmazon()[pri:0, instance:SeleniumPackage1.Seleniumproject1.SearchProduct@17f62e33]" started-at="2024-10-11T00:07:42 IST" name="launchAmazon" finished-at="2024-10-11T00:07:45 IST" duration-ms="2828" status="PASS">
          <reporter-output>
          </reporter-output>
        </test-method> <!-- launchAmazon -->
        <test-method signature="searchPRo(java.lang.String)[pri:0, instance:SeleniumPackage1.Seleniumproject1.SearchProduct@17f62e33]" started-at="2024-10-11T00:07:45 IST" name="searchPRo" data-provider="inputs" finished-at="2024-10-11T00:07:47 IST" duration-ms="2420" status="PASS">
          <params>
            <param index="0">
              <value>
                <![CDATA[shoes for men]]>
              </value>
            </param>
          </params>
          <reporter-output>
            <line>
              <![CDATA[TestCase is passed]]>
            </line>
          </reporter-output>
        </test-method> <!-- searchPRo -->
        <test-method is-config="true" signature="tearDown()[pri:0, instance:SeleniumPackage1.Seleniumproject1.SearchProduct@17f62e33]" started-at="2024-10-11T00:07:48 IST" name="tearDown" finished-at="2024-10-11T00:07:48 IST" duration-ms="164" status="PASS">
          <reporter-output>
          </reporter-output>
        </test-method> <!-- tearDown -->
      </class> <!-- SeleniumPackage1.Seleniumproject1.SearchProduct -->
      <class name="SeleniumPackage1.Seleniumproject1.EditProfile">
        <test-method is-config="true" signature="launchAmazon()[pri:0, instance:SeleniumPackage1.Seleniumproject1.EditProfile@74ea2410]" started-at="2024-10-11T00:07:12 IST" name="launchAmazon" finished-at="2024-10-11T00:07:14 IST" duration-ms="2432" status="PASS">
          <reporter-output>
          </reporter-output>
        </test-method> <!-- launchAmazon -->
        <test-method signature="editProf(java.lang.String,java.lang.String,java.lang.String)[pri:0, instance:SeleniumPackage1.Seleniumproject1.EditProfile@74ea2410]" started-at="2024-10-11T00:07:14 IST" name="editProf" data-provider="inputs" finished-at="2024-10-11T00:07:42 IST" duration-ms="27840" status="PASS">
          <params>
            <param index="0">
              <value>
                <![CDATA[9873733935]]>
              </value>
            </param>
            <param index="1">
              <value>
                <![CDATA[Rj@003037]]>
              </value>
            </param>
            <param index="2">
              <value>
                <![CDATA[s]]>
              </value>
            </param>
          </params>
          <reporter-output>
            <line>
              <![CDATA[TestCase is passed]]>
            </line>
          </reporter-output>
        </test-method> <!-- editProf -->
        <test-method is-config="true" signature="tearDown()[pri:0, instance:SeleniumPackage1.Seleniumproject1.EditProfile@74ea2410]" started-at="2024-10-11T00:07:42 IST" name="tearDown" finished-at="2024-10-11T00:07:42 IST" duration-ms="232" status="PASS">
          <reporter-output>
          </reporter-output>
        </test-method> <!-- tearDown -->
      </class> <!-- SeleniumPackage1.Seleniumproject1.EditProfile -->
      <class name="SeleniumPackage1.Seleniumproject1.CouponCodeforBuy">
        <test-method is-config="true" signature="launchAmazon()[pri:0, instance:SeleniumPackage1.Seleniumproject1.CouponCodeforBuy@563f38c4]" started-at="2024-10-11T00:09:59 IST" name="launchAmazon" finished-at="2024-10-11T00:10:03 IST" duration-ms="3710" status="PASS">
          <reporter-output>
          </reporter-output>
        </test-method> <!-- launchAmazon -->
        <test-method signature="couponBuy(java.lang.String,java.lang.String,java.lang.String,java.lang.String)[pri:0, instance:SeleniumPackage1.Seleniumproject1.CouponCodeforBuy@563f38c4]" started-at="2024-10-11T00:10:03 IST" name="couponBuy" data-provider="inputs" finished-at="2024-10-11T00:10:24 IST" duration-ms="20997" status="PASS">
          <params>
            <param index="0">
              <value>
                <![CDATA[9873733935]]>
              </value>
            </param>
            <param index="1">
              <value>
                <![CDATA[Rj@003037]]>
              </value>
            </param>
            <param index="2">
              <value>
                <![CDATA[keyboard]]>
              </value>
            </param>
            <param index="3">
              <value>
                <![CDATA[Test213]]>
              </value>
            </param>
          </params>
          <reporter-output>
            <line>
              <![CDATA[TestCase is passed]]>
            </line>
          </reporter-output>
        </test-method> <!-- couponBuy -->
        <test-method is-config="true" signature="tearDown()[pri:0, instance:SeleniumPackage1.Seleniumproject1.CouponCodeforBuy@563f38c4]" started-at="2024-10-11T00:10:24 IST" name="tearDown" finished-at="2024-10-11T00:10:24 IST" duration-ms="222" status="PASS">
          <reporter-output>
          </reporter-output>
        </test-method> <!-- tearDown -->
      </class> <!-- SeleniumPackage1.Seleniumproject1.CouponCodeforBuy -->
      <class name="SeleniumPackage1.Seleniumproject1.OrderRating">
        <test-method is-config="true" signature="launchAmazon()[pri:0, instance:SeleniumPackage1.Seleniumproject1.OrderRating@543295b0]" started-at="2024-10-11T00:10:24 IST" name="launchAmazon" finished-at="2024-10-11T00:10:27 IST" duration-ms="2600" status="PASS">
          <reporter-output>
          </reporter-output>
        </test-method> <!-- launchAmazon -->
        <test-method signature="fiveStarRate(java.lang.String,java.lang.String)[pri:0, instance:SeleniumPackage1.Seleniumproject1.OrderRating@543295b0]" started-at="2024-10-11T00:10:27 IST" name="fiveStarRate" data-provider="inputs" finished-at="2024-10-11T00:10:36 IST" duration-ms="9100" status="PASS">
          <params>
            <param index="0">
              <value>
                <![CDATA[9873733935]]>
              </value>
            </param>
            <param index="1">
              <value>
                <![CDATA[Rj@003037]]>
              </value>
            </param>
          </params>
          <reporter-output>
            <line>
              <![CDATA[TestCase is passed]]>
            </line>
          </reporter-output>
        </test-method> <!-- fiveStarRate -->
        <test-method is-config="true" signature="tearDown()[pri:0, instance:SeleniumPackage1.Seleniumproject1.OrderRating@543295b0]" started-at="2024-10-11T00:10:36 IST" name="tearDown" finished-at="2024-10-11T00:10:36 IST" duration-ms="171" status="PASS">
          <reporter-output>
          </reporter-output>
        </test-method> <!-- tearDown -->
      </class> <!-- SeleniumPackage1.Seleniumproject1.OrderRating -->
      <class name="SeleniumPackage1.Seleniumproject1.EntireCheckout">
        <test-method is-config="true" signature="launchAmazon()[pri:0, instance:SeleniumPackage1.Seleniumproject1.EntireCheckout@793f29ff]" started-at="2024-10-11T00:08:31 IST" name="launchAmazon" finished-at="2024-10-11T00:08:34 IST" duration-ms="2917" status="PASS">
          <reporter-output>
          </reporter-output>
        </test-method> <!-- launchAmazon -->
        <test-method retried="true" signature="checkOutPRod(java.lang.String,java.lang.String,java.lang.String)[pri:0, instance:SeleniumPackage1.Seleniumproject1.EntireCheckout@793f29ff]" started-at="2024-10-11T00:08:34 IST" name="checkOutPRod" data-provider="inputs" finished-at="2024-10-11T00:08:59 IST" duration-ms="25599" status="SKIP">
          <params>
            <param index="0">
              <value>
                <![CDATA[9873733935]]>
              </value>
            </param>
            <param index="1">
              <value>
                <![CDATA[Rj@003037]]>
              </value>
            </param>
            <param index="2">
              <value>
                <![CDATA[Type C cable]]>
              </value>
            </param>
          </params>
          <exception class="java.lang.AssertionError">
            <message>
              <![CDATA[expected [true] but found [false]]]>
            </message>
            <full-stacktrace>
              <![CDATA[java.lang.AssertionError: expected [true] but found [false]
at org.testng.Assert.fail(Assert.java:99)
at org.testng.Assert.failNotEquals(Assert.java:1037)
at org.testng.Assert.assertTrue(Assert.java:45)
at org.testng.Assert.assertTrue(Assert.java:55)
at SeleniumPackage1.Seleniumproject1.EntireCheckout.checkOutPRod(EntireCheckout.java:58)
at java.base/jdk.internal.reflect.DirectMethodHandleAccessor.invoke(DirectMethodHandleAccessor.java:103)
at java.base/java.lang.reflect.Method.invoke(Method.java:580)
at org.testng.internal.MethodInvocationHelper.invokeMethod(MethodInvocationHelper.java:133)
at org.testng.internal.TestInvoker.invokeMethod(TestInvoker.java:598)
at org.testng.internal.TestInvoker.invokeTestMethod(TestInvoker.java:173)
at org.testng.internal.MethodRunner.runInSequence(MethodRunner.java:46)
at org.testng.internal.TestInvoker$MethodInvocationAgent.invoke(TestInvoker.java:824)
at org.testng.internal.TestInvoker.invokeTestMethods(TestInvoker.java:146)
at org.testng.internal.TestMethodWorker.invokeTestMethods(TestMethodWorker.java:146)
at org.testng.internal.TestMethodWorker.run(TestMethodWorker.java:128)
at java.base/java.util.ArrayList.forEach(ArrayList.java:1597)
at org.testng.TestRunner.privateRun(TestRunner.java:794)
at org.testng.TestRunner.run(TestRunner.java:596)
at org.testng.SuiteRunner.runTest(SuiteRunner.java:377)
at org.testng.SuiteRunner.runSequentially(SuiteRunner.java:371)
at org.testng.SuiteRunner.privateRun(SuiteRunner.java:332)
at org.testng.SuiteRunner.run(SuiteRunner.java:276)
at org.testng.SuiteRunnerWorker.runSuite(SuiteRunnerWorker.java:53)
at org.testng.SuiteRunnerWorker.run(SuiteRunnerWorker.java:96)
at org.testng.TestNG.runSuitesSequentially(TestNG.java:1212)
at org.testng.TestNG.runSuitesLocally(TestNG.java:1134)
at org.testng.TestNG.runSuites(TestNG.java:1063)
at org.testng.TestNG.run(TestNG.java:1031)
at org.testng.remote.AbstractRemoteTestNG.run(AbstractRemoteTestNG.java:115)
at org.testng.remote.RemoteTestNG.initAndRun(RemoteTestNG.java:293)
at org.testng.remote.RemoteTestNG.main(RemoteTestNG.java:91)
]]>
            </full-stacktrace>
          </exception> <!-- java.lang.AssertionError -->
          <reporter-output>
          </reporter-output>
        </test-method> <!-- checkOutPRod -->
        <test-method is-config="true" signature="tearDown()[pri:0, instance:SeleniumPackage1.Seleniumproject1.EntireCheckout@793f29ff]" started-at="2024-10-11T00:08:59 IST" name="tearDown" finished-at="2024-10-11T00:09:00 IST" duration-ms="245" status="PASS">
          <reporter-output>
          </reporter-output>
        </test-method> <!-- tearDown -->
        <test-method is-config="true" signature="launchAmazon()[pri:0, instance:SeleniumPackage1.Seleniumproject1.EntireCheckout@793f29ff]" started-at="2024-10-11T00:09:00 IST" name="launchAmazon" finished-at="2024-10-11T00:09:04 IST" duration-ms="4299" status="PASS">
          <reporter-output>
          </reporter-output>
        </test-method> <!-- launchAmazon -->
        <test-method signature="checkOutPRod(java.lang.String,java.lang.String,java.lang.String)[pri:0, instance:SeleniumPackage1.Seleniumproject1.EntireCheckout@793f29ff]" started-at="2024-10-11T00:09:04 IST" name="checkOutPRod" data-provider="inputs" finished-at="2024-10-11T00:09:32 IST" duration-ms="27880" status="PASS">
          <params>
            <param index="0">
              <value>
                <![CDATA[9873733935]]>
              </value>
            </param>
            <param index="1">
              <value>
                <![CDATA[Rj@003037]]>
              </value>
            </param>
            <param index="2">
              <value>
                <![CDATA[Type C cable]]>
              </value>
            </param>
          </params>
          <reporter-output>
            <line>
              <![CDATA[TestCase is passed]]>
            </line>
          </reporter-output>
        </test-method> <!-- checkOutPRod -->
        <test-method is-config="true" signature="tearDown()[pri:0, instance:SeleniumPackage1.Seleniumproject1.EntireCheckout@793f29ff]" started-at="2024-10-11T00:09:32 IST" name="tearDown" finished-at="2024-10-11T00:09:32 IST" duration-ms="268" status="PASS">
          <reporter-output>
          </reporter-output>
        </test-method> <!-- tearDown -->
      </class> <!-- SeleniumPackage1.Seleniumproject1.EntireCheckout -->
      <class name="SeleniumPackage1.Seleniumproject1.ProductSorting">
        <test-method is-config="true" signature="launchAmazon()[pri:0, instance:SeleniumPackage1.Seleniumproject1.ProductSorting@2af004b]" started-at="2024-10-11T00:08:07 IST" name="launchAmazon" finished-at="2024-10-11T00:08:09 IST" duration-ms="2405" status="PASS">
          <reporter-output>
          </reporter-output>
        </test-method> <!-- launchAmazon -->
        <test-method signature="sortProd(java.lang.String)[pri:0, instance:SeleniumPackage1.Seleniumproject1.ProductSorting@2af004b]" started-at="2024-10-11T00:08:09 IST" name="sortProd" data-provider="inputs" finished-at="2024-10-11T00:08:13 IST" duration-ms="4180" status="PASS">
          <params>
            <param index="0">
              <value>
                <![CDATA[iphone]]>
              </value>
            </param>
          </params>
          <reporter-output>
            <line>
              <![CDATA[TestCase is passed]]>
            </line>
          </reporter-output>
        </test-method> <!-- sortProd -->
        <test-method is-config="true" signature="tearDown()[pri:0, instance:SeleniumPackage1.Seleniumproject1.ProductSorting@2af004b]" started-at="2024-10-11T00:08:13 IST" name="tearDown" finished-at="2024-10-11T00:08:14 IST" duration-ms="186" status="PASS">
          <reporter-output>
          </reporter-output>
        </test-method> <!-- tearDown -->
      </class> <!-- SeleniumPackage1.Seleniumproject1.ProductSorting -->
      <class name="SeleniumPackage1.Seleniumproject1.Resgistartion_to_Amazon">
        <test-method is-config="true" signature="launchAmazon()[pri:0, instance:SeleniumPackage1.Seleniumproject1.Resgistartion_to_Amazon@18df8434]" started-at="2024-10-11T00:06:49 IST" name="launchAmazon" finished-at="2024-10-11T00:06:54 IST" duration-ms="4465" status="PASS">
          <reporter-output>
          </reporter-output>
        </test-method> <!-- launchAmazon -->
        <test-method signature="creating_new_account(java.lang.String,java.lang.String,java.lang.String)[pri:0, instance:SeleniumPackage1.Seleniumproject1.Resgistartion_to_Amazon@18df8434]" started-at="2024-10-11T00:06:54 IST" name="creating_new_account" data-provider="inputs" finished-at="2024-10-11T00:06:57 IST" duration-ms="3367" status="PASS">
          <params>
            <param index="0">
              <value>
                <![CDATA[Rohit]]>
              </value>
            </param>
            <param index="1">
              <value>
                <![CDATA[9873733905]]>
              </value>
            </param>
            <param index="2">
              <value>
                <![CDATA[Rj@003037]]>
              </value>
            </param>
          </params>
          <reporter-output>
            <line>
              <![CDATA[TestCase is passed]]>
            </line>
          </reporter-output>
        </test-method> <!-- creating_new_account -->
        <test-method is-config="true" signature="tearDown()[pri:0, instance:SeleniumPackage1.Seleniumproject1.Resgistartion_to_Amazon@18df8434]" started-at="2024-10-11T00:06:57 IST" name="tearDown" finished-at="2024-10-11T00:06:57 IST" duration-ms="148" status="PASS">
          <reporter-output>
          </reporter-output>
        </test-method> <!-- tearDown -->
      </class> <!-- SeleniumPackage1.Seleniumproject1.Resgistartion_to_Amazon -->
      <class name="SeleniumPackage1.Seleniumproject1.Login_to_Amazon">
        <test-method is-config="true" signature="launchAmazon()[pri:0, instance:SeleniumPackage1.Seleniumproject1.Login_to_Amazon@173ed316]" started-at="2024-10-11T00:06:57 IST" name="launchAmazon" finished-at="2024-10-11T00:07:00 IST" duration-ms="2493" status="PASS">
          <reporter-output>
          </reporter-output>
        </test-method> <!-- launchAmazon -->
        <test-method signature="loginAmz(java.lang.String,java.lang.String)[pri:0, instance:SeleniumPackage1.Seleniumproject1.Login_to_Amazon@173ed316]" started-at="2024-10-11T00:07:00 IST" name="loginAmz" data-provider="inputs" finished-at="2024-10-11T00:07:04 IST" duration-ms="4382" status="PASS">
          <params>
            <param index="0">
              <value>
                <![CDATA[9873733935]]>
              </value>
            </param>
            <param index="1">
              <value>
                <![CDATA[Rj@003037]]>
              </value>
            </param>
          </params>
          <reporter-output>
            <line>
              <![CDATA[TestCase is passed]]>
            </line>
          </reporter-output>
        </test-method> <!-- loginAmz -->
        <test-method is-config="true" signature="tearDown()[pri:0, instance:SeleniumPackage1.Seleniumproject1.Login_to_Amazon@173ed316]" started-at="2024-10-11T00:07:04 IST" name="tearDown" finished-at="2024-10-11T00:07:05 IST" duration-ms="169" status="PASS">
          <reporter-output>
          </reporter-output>
        </test-method> <!-- tearDown -->
      </class> <!-- SeleniumPackage1.Seleniumproject1.Login_to_Amazon -->
      <class name="SeleniumPackage1.Seleniumproject1.InvalidCredsofLogin">
        <test-method is-config="true" signature="launchAmazon()[pri:0, instance:SeleniumPackage1.Seleniumproject1.InvalidCredsofLogin@25ce9dc4]" started-at="2024-10-11T00:07:05 IST" name="launchAmazon" finished-at="2024-10-11T00:07:07 IST" duration-ms="2782" status="PASS">
          <reporter-output>
          </reporter-output>
        </test-method> <!-- launchAmazon -->
        <test-method signature="unsuccesfulLogin(java.lang.String,java.lang.String)[pri:0, instance:SeleniumPackage1.Seleniumproject1.InvalidCredsofLogin@25ce9dc4]" started-at="2024-10-11T00:07:07 IST" name="unsuccesfulLogin" data-provider="inputs" finished-at="2024-10-11T00:07:11 IST" duration-ms="3775" status="PASS">
          <params>
            <param index="0">
              <value>
                <![CDATA[9873733936]]>
              </value>
            </param>
            <param index="1">
              <value>
                <![CDATA[123Rj@42323]]>
              </value>
            </param>
          </params>
          <reporter-output>
            <line>
              <![CDATA[TestCase is passed]]>
            </line>
          </reporter-output>
        </test-method> <!-- unsuccesfulLogin -->
        <test-method is-config="true" signature="tearDown()[pri:0, instance:SeleniumPackage1.Seleniumproject1.InvalidCredsofLogin@25ce9dc4]" started-at="2024-10-11T00:07:11 IST" name="tearDown" finished-at="2024-10-11T00:07:12 IST" duration-ms="149" status="PASS">
          <reporter-output>
          </reporter-output>
        </test-method> <!-- tearDown -->
      </class> <!-- SeleniumPackage1.Seleniumproject1.InvalidCredsofLogin -->
      <class name="SeleniumPackage1.Seleniumproject1.AddToCart">
        <test-method is-config="true" signature="launchAmazon()[pri:0, instance:SeleniumPackage1.Seleniumproject1.AddToCart@248e319b]" started-at="2024-10-11T00:08:14 IST" name="launchAmazon" finished-at="2024-10-11T00:08:16 IST" duration-ms="2440" status="PASS">
          <reporter-output>
          </reporter-output>
        </test-method> <!-- launchAmazon -->
        <test-method signature="addItems(java.lang.String)[pri:0, instance:SeleniumPackage1.Seleniumproject1.AddToCart@248e319b]" started-at="2024-10-11T00:08:16 IST" name="addItems" data-provider="inputs" finished-at="2024-10-11T00:08:21 IST" duration-ms="4768" status="PASS">
          <params>
            <param index="0">
              <value>
                <![CDATA[Daikin 1.5 ton ac]]>
              </value>
            </param>
          </params>
          <reporter-output>
            <line>
              <![CDATA[TestCase is passed]]>
            </line>
          </reporter-output>
        </test-method> <!-- addItems -->
        <test-method is-config="true" signature="tearDown()[pri:0, instance:SeleniumPackage1.Seleniumproject1.AddToCart@248e319b]" started-at="2024-10-11T00:08:21 IST" name="tearDown" finished-at="2024-10-11T00:08:21 IST" duration-ms="158" status="PASS">
          <reporter-output>
          </reporter-output>
        </test-method> <!-- tearDown -->
      </class> <!-- SeleniumPackage1.Seleniumproject1.AddToCart -->
      <class name="SeleniumPackage1.Seleniumproject1.UpdateCartItems">
        <test-method is-config="true" signature="launchAmazon()[pri:0, instance:SeleniumPackage1.Seleniumproject1.UpdateCartItems@5d0bf09b]" started-at="2024-10-11T00:08:21 IST" name="launchAmazon" finished-at="2024-10-11T00:08:24 IST" duration-ms="2821" status="PASS">
          <reporter-output>
          </reporter-output>
        </test-method> <!-- launchAmazon -->
        <test-method signature="updateItem(java.lang.String)[pri:0, instance:SeleniumPackage1.Seleniumproject1.UpdateCartItems@5d0bf09b]" started-at="2024-10-11T00:08:24 IST" name="updateItem" data-provider="inputs" finished-at="2024-10-11T00:08:31 IST" duration-ms="6677" status="PASS">
          <params>
            <param index="0">
              <value>
                <![CDATA[usb type c cable]]>
              </value>
            </param>
          </params>
          <reporter-output>
            <line>
              <![CDATA[TestCase is passed]]>
            </line>
          </reporter-output>
        </test-method> <!-- updateItem -->
        <test-method is-config="true" signature="tearDown()[pri:0, instance:SeleniumPackage1.Seleniumproject1.UpdateCartItems@5d0bf09b]" started-at="2024-10-11T00:08:31 IST" name="tearDown" finished-at="2024-10-11T00:08:31 IST" duration-ms="161" status="PASS">
          <reporter-output>
          </reporter-output>
        </test-method> <!-- tearDown -->
      </class> <!-- SeleniumPackage1.Seleniumproject1.UpdateCartItems -->
      <class name="SeleniumPackage1.Seleniumproject1.SearchWithFilters">
        <test-method is-config="true" signature="launchAmazon()[pri:0, instance:SeleniumPackage1.Seleniumproject1.SearchWithFilters@76b1e9b8]" started-at="2024-10-11T00:07:48 IST" name="launchAmazon" finished-at="2024-10-11T00:07:50 IST" duration-ms="2437" status="PASS">
          <reporter-output>
          </reporter-output>
        </test-method> <!-- launchAmazon -->
        <test-method signature="searchFilters(java.lang.String)[pri:0, instance:SeleniumPackage1.Seleniumproject1.SearchWithFilters@76b1e9b8]" started-at="2024-10-11T00:07:50 IST" name="searchFilters" data-provider="inputs" finished-at="2024-10-11T00:07:57 IST" duration-ms="7006" status="PASS">
          <params>
            <param index="0">
              <value>
                <![CDATA[shoes for men]]>
              </value>
            </param>
          </params>
          <reporter-output>
            <line>
              <![CDATA[TestCase is passed]]>
            </line>
          </reporter-output>
        </test-method> <!-- searchFilters -->
        <test-method is-config="true" signature="tearDown()[pri:0, instance:SeleniumPackage1.Seleniumproject1.SearchWithFilters@76b1e9b8]" started-at="2024-10-11T00:07:57 IST" name="tearDown" finished-at="2024-10-11T00:07:57 IST" duration-ms="163" status="PASS">
          <reporter-output>
          </reporter-output>
        </test-method> <!-- tearDown -->
      </class> <!-- SeleniumPackage1.Seleniumproject1.SearchWithFilters -->
    </test> <!-- Test -->
  </suite> <!-- Suite -->
</testng-results>
