<?xml version="1.0" encoding="UTF-8"?>
<testng-results ignored="0" total="8" passed="8" failed="0" skipped="0">
  <reporter-output>
    <line>
      <![CDATA[TestCase is passed]]>
    </line>
    <line>
      <![CDATA[TestCase is passed]]>
    </line>
    <line>
      <![CDATA[TestCase is passed]]>
    </line>
    <line>
      <![CDATA[TestCase is passed]]>
    </line>
    <line>
      <![CDATA[TestCase is passed]]>
    </line>
    <line>
      <![CDATA[TestCase is passed]]>
    </line>
    <line>
      <![CDATA[TestCase is passed]]>
    </line>
    <line>
      <![CDATA[TestCase is passed]]>
    </line>
  </reporter-output>
  <suite started-at="2024-10-03T23:39:36 IST" name="Suite" finished-at="2024-10-03T23:40:29 IST" duration-ms="53501">
    <groups>
    </groups>
    <test started-at="2024-10-03T23:39:36 IST" name="Test" finished-at="2024-10-03T23:40:29 IST" duration-ms="53501">
      <class name="SeleniumPackage1.Seleniumproject1.ProductSorting">
        <test-method is-config="true" signature="launchAmazon()[pri:0, instance:SeleniumPackage1.Seleniumproject1.ProductSorting@7d0b7e3c]" started-at="2024-10-03T23:40:16 IST" name="launchAmazon" finished-at="2024-10-03T23:40:18 IST" duration-ms="2160" status="PASS">
          <reporter-output>
          </reporter-output>
        </test-method> <!-- launchAmazon -->
        <test-method signature="sortProd(java.lang.String)[pri:0, instance:SeleniumPackage1.Seleniumproject1.ProductSorting@7d0b7e3c]" started-at="2024-10-03T23:40:18 IST" name="sortProd" data-provider="inputs" finished-at="2024-10-03T23:40:22 IST" duration-ms="3938" status="PASS">
          <params>
            <param index="0">
              <value>
                <![CDATA[iphone]]>
              </value>
            </param>
          </params>
          <reporter-output>
            <line>
              <![CDATA[TestCase is passed]]>
            </line>
          </reporter-output>
        </test-method> <!-- sortProd -->
        <test-method is-config="true" signature="tearDown()[pri:0, instance:SeleniumPackage1.Seleniumproject1.ProductSorting@7d0b7e3c]" started-at="2024-10-03T23:40:22 IST" name="tearDown" finished-at="2024-10-03T23:40:23 IST" duration-ms="150" status="PASS">
          <reporter-output>
          </reporter-output>
        </test-method> <!-- tearDown -->
      </class> <!-- SeleniumPackage1.Seleniumproject1.ProductSorting -->
      <class name="SeleniumPackage1.Seleniumproject1.ProductDetails">
        <test-method is-config="true" signature="launchAmazon()[pri:0, instance:SeleniumPackage1.Seleniumproject1.ProductDetails@6e9175d8]" started-at="2024-10-03T23:40:09 IST" name="launchAmazon" finished-at="2024-10-03T23:40:11 IST" duration-ms="2133" status="PASS">
          <reporter-output>
          </reporter-output>
        </test-method> <!-- launchAmazon -->
        <test-method signature="verifyProdDetails(java.lang.String)[pri:0, instance:SeleniumPackage1.Seleniumproject1.ProductDetails@6e9175d8]" started-at="2024-10-03T23:40:11 IST" name="verifyProdDetails" data-provider="inputs" finished-at="2024-10-03T23:40:16 IST" duration-ms="5131" status="PASS">
          <params>
            <param index="0">
              <value>
                <![CDATA[iphone 15 pro]]>
              </value>
            </param>
          </params>
          <reporter-output>
            <line>
              <![CDATA[TestCase is passed]]>
            </line>
          </reporter-output>
        </test-method> <!-- verifyProdDetails -->
        <test-method is-config="true" signature="tearDown()[pri:0, instance:SeleniumPackage1.Seleniumproject1.ProductDetails@6e9175d8]" started-at="2024-10-03T23:40:16 IST" name="tearDown" finished-at="2024-10-03T23:40:16 IST" duration-ms="165" status="PASS">
          <reporter-output>
          </reporter-output>
        </test-method> <!-- tearDown -->
      </class> <!-- SeleniumPackage1.Seleniumproject1.ProductDetails -->
      <class name="SeleniumPackage1.Seleniumproject1.SearchProduct">
        <test-method is-config="true" signature="launchAmazon()[pri:0, instance:SeleniumPackage1.Seleniumproject1.SearchProduct@78e4deb0]" started-at="2024-10-03T23:40:03 IST" name="launchAmazon" finished-at="2024-10-03T23:40:06 IST" duration-ms="2174" status="PASS">
          <reporter-output>
          </reporter-output>
        </test-method> <!-- launchAmazon -->
        <test-method signature="searchPRo(java.lang.String)[pri:0, instance:SeleniumPackage1.Seleniumproject1.SearchProduct@78e4deb0]" started-at="2024-10-03T23:40:06 IST" name="searchPRo" data-provider="inputs" finished-at="2024-10-03T23:40:08 IST" duration-ms="2665" status="PASS">
          <params>
            <param index="0">
              <value>
                <![CDATA[shoes]]>
              </value>
            </param>
          </params>
          <reporter-output>
            <line>
              <![CDATA[TestCase is passed]]>
            </line>
          </reporter-output>
        </test-method> <!-- searchPRo -->
        <test-method is-config="true" signature="tearDown()[pri:0, instance:SeleniumPackage1.Seleniumproject1.SearchProduct@78e4deb0]" started-at="2024-10-03T23:40:08 IST" name="tearDown" finished-at="2024-10-03T23:40:09 IST" duration-ms="161" status="PASS">
          <reporter-output>
          </reporter-output>
        </test-method> <!-- tearDown -->
      </class> <!-- SeleniumPackage1.Seleniumproject1.SearchProduct -->
      <class name="SeleniumPackage1.Seleniumproject1.Resgistartion_to_Amazon">
        <test-method is-config="true" signature="launchAmazon()[pri:0, instance:SeleniumPackage1.Seleniumproject1.Resgistartion_to_Amazon@4d5650ae]" started-at="2024-10-03T23:39:36 IST" name="launchAmazon" finished-at="2024-10-03T23:39:39 IST" duration-ms="2655" status="PASS">
          <reporter-output>
          </reporter-output>
        </test-method> <!-- launchAmazon -->
        <test-method signature="creating_new_account(java.lang.String,java.lang.String,java.lang.String)[pri:0, instance:SeleniumPackage1.Seleniumproject1.Resgistartion_to_Amazon@4d5650ae]" started-at="2024-10-03T23:39:39 IST" name="creating_new_account" data-provider="inputs" finished-at="2024-10-03T23:39:42 IST" duration-ms="2540" status="PASS">
          <params>
            <param index="0">
              <value>
                <![CDATA[Rohit]]>
              </value>
            </param>
            <param index="1">
              <value>
                <![CDATA[9873733905]]>
              </value>
            </param>
            <param index="2">
              <value>
                <![CDATA[Rj@003037]]>
              </value>
            </param>
          </params>
          <reporter-output>
            <line>
              <![CDATA[TestCase is passed]]>
            </line>
          </reporter-output>
        </test-method> <!-- creating_new_account -->
        <test-method is-config="true" signature="tearDown()[pri:0, instance:SeleniumPackage1.Seleniumproject1.Resgistartion_to_Amazon@4d5650ae]" started-at="2024-10-03T23:39:42 IST" name="tearDown" finished-at="2024-10-03T23:39:42 IST" duration-ms="163" status="PASS">
          <reporter-output>
          </reporter-output>
        </test-method> <!-- tearDown -->
      </class> <!-- SeleniumPackage1.Seleniumproject1.Resgistartion_to_Amazon -->
      <class name="SeleniumPackage1.Seleniumproject1.Login_to_Amazon">
        <test-method is-config="true" signature="launchAmazon()[pri:0, instance:SeleniumPackage1.Seleniumproject1.Login_to_Amazon@449a4f23]" started-at="2024-10-03T23:39:42 IST" name="launchAmazon" finished-at="2024-10-03T23:39:44 IST" duration-ms="2158" status="PASS">
          <reporter-output>
          </reporter-output>
        </test-method> <!-- launchAmazon -->
        <test-method signature="loginAmz(java.lang.String,java.lang.String)[pri:0, instance:SeleniumPackage1.Seleniumproject1.Login_to_Amazon@449a4f23]" started-at="2024-10-03T23:39:44 IST" name="loginAmz" data-provider="inputs" finished-at="2024-10-03T23:39:48 IST" duration-ms="4088" status="PASS">
          <params>
            <param index="0">
              <value>
                <![CDATA[9873733935]]>
              </value>
            </param>
            <param index="1">
              <value>
                <![CDATA[Rj@003037]]>
              </value>
            </param>
          </params>
          <reporter-output>
            <line>
              <![CDATA[TestCase is passed]]>
            </line>
          </reporter-output>
        </test-method> <!-- loginAmz -->
        <test-method is-config="true" signature="tearDown()[pri:0, instance:SeleniumPackage1.Seleniumproject1.Login_to_Amazon@449a4f23]" started-at="2024-10-03T23:39:48 IST" name="tearDown" finished-at="2024-10-03T23:39:49 IST" duration-ms="167" status="PASS">
          <reporter-output>
          </reporter-output>
        </test-method> <!-- tearDown -->
      </class> <!-- SeleniumPackage1.Seleniumproject1.Login_to_Amazon -->
      <class name="SeleniumPackage1.Seleniumproject1.InvalidCredsofLogin">
        <test-method is-config="true" signature="launchAmazon()[pri:0, instance:SeleniumPackage1.Seleniumproject1.InvalidCredsofLogin@1530c739]" started-at="2024-10-03T23:39:49 IST" name="launchAmazon" finished-at="2024-10-03T23:39:51 IST" duration-ms="2195" status="PASS">
          <reporter-output>
          </reporter-output>
        </test-method> <!-- launchAmazon -->
        <test-method signature="unsuccesfulLogin(java.lang.String,java.lang.String)[pri:0, instance:SeleniumPackage1.Seleniumproject1.InvalidCredsofLogin@1530c739]" started-at="2024-10-03T23:39:51 IST" name="unsuccesfulLogin" data-provider="inputs" finished-at="2024-10-03T23:39:54 IST" duration-ms="3437" status="PASS">
          <params>
            <param index="0">
              <value>
                <![CDATA[9873733936]]>
              </value>
            </param>
            <param index="1">
              <value>
                <![CDATA[123Rj@42323]]>
              </value>
            </param>
          </params>
          <reporter-output>
            <line>
              <![CDATA[TestCase is passed]]>
            </line>
          </reporter-output>
        </test-method> <!-- unsuccesfulLogin -->
        <test-method is-config="true" signature="tearDown()[pri:0, instance:SeleniumPackage1.Seleniumproject1.InvalidCredsofLogin@1530c739]" started-at="2024-10-03T23:39:54 IST" name="tearDown" finished-at="2024-10-03T23:39:55 IST" duration-ms="140" status="PASS">
          <reporter-output>
          </reporter-output>
        </test-method> <!-- tearDown -->
      </class> <!-- SeleniumPackage1.Seleniumproject1.InvalidCredsofLogin -->
      <class name="SeleniumPackage1.Seleniumproject1.AddToCart">
        <test-method is-config="true" signature="launchAmazon()[pri:0, instance:SeleniumPackage1.Seleniumproject1.AddToCart@15bb5034]" started-at="2024-10-03T23:40:23 IST" name="launchAmazon" finished-at="2024-10-03T23:40:25 IST" duration-ms="2141" status="PASS">
          <reporter-output>
          </reporter-output>
        </test-method> <!-- launchAmazon -->
        <test-method signature="addItems(java.lang.String)[pri:0, instance:SeleniumPackage1.Seleniumproject1.AddToCart@15bb5034]" started-at="2024-10-03T23:40:25 IST" name="addItems" data-provider="inputs" finished-at="2024-10-03T23:40:29 IST" duration-ms="4213" status="PASS">
          <params>
            <param index="0">
              <value>
                <![CDATA[Daikin 1.5 ton ac]]>
              </value>
            </param>
          </params>
          <reporter-output>
            <line>
              <![CDATA[TestCase is passed]]>
            </line>
          </reporter-output>
        </test-method> <!-- addItems -->
        <test-method is-config="true" signature="tearDown()[pri:0, instance:SeleniumPackage1.Seleniumproject1.AddToCart@15bb5034]" started-at="2024-10-03T23:40:29 IST" name="tearDown" finished-at="2024-10-03T23:40:29 IST" duration-ms="163" status="PASS">
          <reporter-output>
          </reporter-output>
        </test-method> <!-- tearDown -->
      </class> <!-- SeleniumPackage1.Seleniumproject1.AddToCart -->
      <class name="SeleniumPackage1.Seleniumproject1.SearchWithFilters">
        <test-method is-config="true" signature="launchAmazon()[pri:0, instance:SeleniumPackage1.Seleniumproject1.SearchWithFilters@5b1669c0]" started-at="2024-10-03T23:39:55 IST" name="launchAmazon" finished-at="2024-10-03T23:39:57 IST" duration-ms="2353" status="PASS">
          <reporter-output>
          </reporter-output>
        </test-method> <!-- launchAmazon -->
        <test-method signature="searchFilters(java.lang.String)[pri:0, instance:SeleniumPackage1.Seleniumproject1.SearchWithFilters@5b1669c0]" started-at="2024-10-03T23:39:57 IST" name="searchFilters" data-provider="inputs" finished-at="2024-10-03T23:40:03 IST" duration-ms="5997" status="PASS">
          <params>
            <param index="0">
              <value>
                <![CDATA[shoes]]>
              </value>
            </param>
          </params>
          <reporter-output>
            <line>
              <![CDATA[TestCase is passed]]>
            </line>
          </reporter-output>
        </test-method> <!-- searchFilters -->
        <test-method is-config="true" signature="tearDown()[pri:0, instance:SeleniumPackage1.Seleniumproject1.SearchWithFilters@5b1669c0]" started-at="2024-10-03T23:40:03 IST" name="tearDown" finished-at="2024-10-03T23:40:03 IST" duration-ms="199" status="PASS">
          <reporter-output>
          </reporter-output>
        </test-method> <!-- tearDown -->
      </class> <!-- SeleniumPackage1.Seleniumproject1.SearchWithFilters -->
    </test> <!-- Test -->
  </suite> <!-- Suite -->
</testng-results>
