<?xml version="1.0" encoding="UTF-8"?>
<!-- Generated by org.testng.reporters.JUnitReportReporter -->
<testsuite hostname="NOI-PG02ZDTF" failures="0" tests="1" name="SeleniumPackage1.Seleniumproject1.TillCartWithoutLogin" time="14.248" errors="0" timestamp="2024-10-11T00:10:51 IST" skipped="0">
  <testcase classname="SeleniumPackage1.Seleniumproject1.TillCartWithoutLogin" name="withoutLoginTillCart" time="14.248"/>
  <system-out>
    <![CDATA[TestCase is passed]]>
  </system-out>
</testsuite> <!-- SeleniumPackage1.Seleniumproject1.TillCartWithoutLogin -->
