<?xml version="1.0" encoding="UTF-8"?>
<!-- Generated by org.testng.reporters.JUnitReportReporter -->
<testsuite hostname="NOI-PG02ZDTF" failures="0" tests="2" name="SeleniumPackage1.Seleniumproject1.EntireCheckout" time="61.208" errors="0" timestamp="2024-10-11T00:10:51 IST" skipped="1">
  <testcase classname="SeleniumPackage1.Seleniumproject1.EntireCheckout" name="checkOutPRod" time="28.784">
    <skipped/>
  </testcase> <!-- checkOutPRod -->
  <system-out/>
  <testcase classname="SeleniumPackage1.Seleniumproject1.EntireCheckout" name="checkOutPRod" time="32.424"/>
  <system-out>
    <![CDATA[TestCase is passed]]>
  </system-out>
</testsuite> <!-- SeleniumPackage1.Seleniumproject1.EntireCheckout -->
