<?xml version="1.0" encoding="UTF-8"?>
<!-- Generated by org.testng.reporters.JUnitReportReporter -->
<testsuite hostname="NOI-PG02ZDTF" failures="0" tests="1" name="SeleniumPackage1.Seleniumproject1.AllPaymentMethod" time="26.959" errors="0" timestamp="2024-10-11T00:10:51 IST" skipped="0">
  <testcase classname="SeleniumPackage1.Seleniumproject1.AllPaymentMethod" name="selectPay" time="26.959"/>
  <system-out>
    <![CDATA[TestCase is passed]]>
  </system-out>
</testsuite> <!-- SeleniumPackage1.Seleniumproject1.AllPaymentMethod -->
