<?xml version="1.0" encoding="UTF-8"?>
<!-- Generated by org.testng.reporters.JUnitReportReporter -->
<testsuite hostname="NOI-PG02ZDTF" failures="0" tests="1" name="SeleniumPackage1.Seleniumproject1.UpdateCartItems" time="11.002" errors="0" timestamp="2024-10-07T06:50:52 IST" skipped="0">
  <testcase classname="SeleniumPackage1.Seleniumproject1.UpdateCartItems" name="updateItem" time="11.002"/>
  <system-out>
    <![CDATA[TestCase is passed]]>
  </system-out>
</testsuite> <!-- SeleniumPackage1.Seleniumproject1.UpdateCartItems -->
